\BOOKMARK [0][-]{chapter.1}{Introduction}{}% 1
\BOOKMARK [0][-]{chapter.2}{GraphPlot Code}{}% 2
\BOOKMARK [1][-]{section.2.1}{Introduction}{chapter.2}% 3
\BOOKMARK [1][-]{section.2.2}{Hierarchy}{chapter.2}% 4
\BOOKMARK [1][-]{section.2.3}{Arranging Blocks}{chapter.2}% 5
\BOOKMARK [2][-]{subsection.2.3.1}{isBranching}{section.2.3}% 6
\BOOKMARK [2][-]{subsection.2.3.2}{arrangeSources}{section.2.3}% 7
\BOOKMARK [2][-]{subsection.2.3.3}{arrangeSinks}{section.2.3}% 8
\BOOKMARK [1][-]{section.2.4}{Implicit Connections}{chapter.2}% 9
\BOOKMARK [2][-]{subsection.2.4.1}{findReadWritesInScope}{section.2.4}% 10
\BOOKMARK [2][-]{subsection.2.4.2}{findDataStoreMemory}{section.2.4}% 11
\BOOKMARK [2][-]{subsection.2.4.3}{findWritesInScope}{section.2.4}% 12
\BOOKMARK [2][-]{subsection.2.4.4}{findReadsInScope}{section.2.4}% 13
\BOOKMARK [2][-]{subsection.2.4.5}{findVisibilityTag}{section.2.4}% 14
\BOOKMARK [2][-]{subsection.2.4.6}{findGotoFromsInScope}{section.2.4}% 15
\BOOKMARK [2][-]{subsection.2.4.7}{findGotosInScope}{section.2.4}% 16
\BOOKMARK [2][-]{subsection.2.4.8}{findFromsInScope}{section.2.4}% 17
\BOOKMARK [1][-]{section.2.5}{Directed Graph}{chapter.2}% 18
\BOOKMARK [2][-]{subsection.2.5.1}{applyNamingConvention}{section.2.5}% 19
\BOOKMARK [2][-]{subsection.2.5.2}{isdigraph}{section.2.5}% 20
\BOOKMARK [2][-]{subsection.2.5.3}{plotSimulinkDigraph}{section.2.5}% 21
\BOOKMARK [2][-]{subsection.2.5.4}{systemToDigraph}{section.2.5}% 22
\BOOKMARK [2][-]{subsection.2.5.5}{addImplicitEdges}{section.2.5}% 23
\BOOKMARK [0][-]{chapter.3}{Layout Code}{}% 24
\BOOKMARK [1][-]{section.3.1}{Introduction}{chapter.3}% 25
\BOOKMARK [1][-]{section.3.2}{Hierarchy}{chapter.3}% 26
\BOOKMARK [1][-]{section.3.3}{GraphPlot}{chapter.3}% 27
\BOOKMARK [1][-]{section.3.4}{Moving Blocks}{chapter.3}% 28
\BOOKMARK [2][-]{subsection.3.4.1}{moveBlocks}{section.3.4}% 29
\BOOKMARK [2][-]{subsection.3.4.2}{horzAdjustBlocks}{section.3.4}% 30
\BOOKMARK [2][-]{subsection.3.4.3}{vertMoveColumn}{section.3.4}% 31
\BOOKMARK [2][-]{subsection.3.4.4}{vertAlign}{section.3.4}% 32
\BOOKMARK [2][-]{subsection.3.4.5}{justifyBlocks}{section.3.4}% 33
\BOOKMARK [2][-]{subsection.3.4.6}{updatePortless}{section.3.4}% 34
\BOOKMARK [2][-]{subsection.3.4.7}{handleAnnotations}{section.3.4}% 35
\BOOKMARK [1][-]{section.3.5}{Block}{chapter.3}% 36
\BOOKMARK [2][-]{subsection.3.5.1}{hasPorts}{section.3.5}% 37
\BOOKMARK [2][-]{subsection.3.5.2}{getPortlessBlocks}{section.3.5}% 38
\BOOKMARK [2][-]{subsection.3.5.3}{getPortlessInfo}{section.3.5}% 39
\BOOKMARK [2][-]{subsection.3.5.4}{getBlocksInfo}{section.3.5}% 40
\BOOKMARK [2][-]{subsection.3.5.5}{getRelativeLayout}{section.3.5}% 41
\BOOKMARK [2][-]{subsection.3.5.6}{rectCenter}{section.3.5}% 42
\BOOKMARK [2][-]{subsection.3.5.7}{getBlockSidePositions}{section.3.5}% 43
\BOOKMARK [2][-]{subsection.3.5.8}{sortRelativeLayout}{section.3.5}% 44
\BOOKMARK [2][-]{subsection.3.5.9}{repositionPortlessBlocks}{section.3.5}% 45
\BOOKMARK [2][-]{subsection.3.5.10}{sideExtremes}{section.3.5}% 46
\BOOKMARK [1][-]{section.3.6}{Adjustments}{chapter.3}% 47
\BOOKMARK [2][-]{subsection.3.6.1}{getAutoLayoutConfig}{section.3.6}% 48
\BOOKMARK [2][-]{subsection.3.6.2}{makeSumsRectangular}{section.3.6}% 49
\BOOKMARK [2][-]{subsection.3.6.3}{updateLayout}{section.3.6}% 50
\BOOKMARK [2][-]{subsection.3.6.4}{redraw\137lines}{section.3.6}% 51
\BOOKMARK [2][-]{subsection.3.6.5}{adjustForPorts}{section.3.6}% 52
\BOOKMARK [2][-]{subsection.3.6.6}{dimIncreaseForPorts}{section.3.6}% 53
\BOOKMARK [2][-]{subsection.3.6.7}{desiredHeightForPorts}{section.3.6}% 54
\BOOKMARK [2][-]{subsection.3.6.8}{fixSizeOfBlocks}{section.3.6}% 55
\BOOKMARK [1][-]{section.3.7}{Text/String}{chapter.3}% 56
\BOOKMARK [2][-]{subsection.3.7.1}{resizeBlocks}{section.3.7}% 57
\BOOKMARK [2][-]{subsection.3.7.2}{adjustForText}{section.3.7}% 58
\BOOKMARK [2][-]{subsection.3.7.3}{dimIncreaseForText}{section.3.7}% 59
\BOOKMARK [2][-]{subsection.3.7.4}{getBlockTextWidth}{section.3.7}% 60
\BOOKMARK [2][-]{subsection.3.7.5}{blockStringDims}{section.3.7}% 61
\BOOKMARK [2][-]{subsection.3.7.6}{getTextDims}{section.3.7}% 62
